[13:55:06.750] [INFO] storybook v10.4.6
[13:56:25.092] [PROMPT] Port 6006 is not available. 
Would you like to run Storybook on port 6007 instead? {"choice":true}
[13:56:25.567] [DEBUG] Getting package.json info for C:/Users/LunaVioletaGonzalez/Projects/alejandria-ui-kit/alejandria-ui-kit/packages/ui/package.json...
[13:56:26.344] [INFO] Starting...
[13:56:27.004] [DEBUG] Starting preview..
[13:56:27.320] [DEBUG] Using tsconfig paths for react-docgen
[13:56:27.337] [WARN] 🚨 Unable to index ./src/Icons.stories.tsx:
  SyntaxError: Identifier 'Meta' has already been declared. (4:14)
    at constructor (file:///C:/Users/LunaVioletaGonzalez/Projects/alejandria-ui-kit/alejandria-ui-kit/node_modules/.pnpm/storybook@10.4.6_@testing-l_c1ba74188cd3a07f4b5871c86f50987c/node_modules/storybook/dist/_node-chunks/chunk-BCIMUOON.js:12164:21)
    at Parser.raise (file:///C:/Users/LunaVioletaGonzalez/Projects/alejandria-ui-kit/alejandria-ui-kit/node_modules/.pnpm/storybook@10.4.6_@testing-l_c1ba74188cd3a07f4b5871c86f50987c/node_modules/storybook/dist/_node-chunks/chunk-BCIMUOON.js:16342:71)
    at TypeScriptScopeHandler.declareName (file:///C:/Users/LunaVioletaGonzalez/Projects/alejandria-ui-kit/alejandria-ui-kit/node_modules/.pnpm/storybook@10.4.6_@testing-l_c1ba74188cd3a07f4b5871c86f50987c/node_modules/storybook/dist/_node-chunks/chunk-BCIMUOON.js:15155:51)
    at Parser.declareNameFromIdentifier (file:///C:/Users/LunaVioletaGonzalez/Projects/alejandria-ui-kit/alejandria-ui-kit/node_modules/.pnpm/storybook@10.4.6_@testing-l_c1ba74188cd3a07f4b5871c86f50987c/node_modules/storybook/dist/_node-chunks/chunk-BCIMUOON.js:16996:20)
    at Parser.checkIdentifier (file:///C:/Users/LunaVioletaGonzalez/Projects/alejandria-ui-kit/alejandria-ui-kit/node_modules/.pnpm/storybook@10.4.6_@testing-l_c1ba74188cd3a07f4b5871c86f50987c/node_modules/storybook/dist/_node-chunks/chunk-BCIMUOON.js:16993:126)
    at Parser.checkLVal (file:///C:/Users/LunaVioletaGonzalez/Projects/alejandria-ui-kit/alejandria-ui-kit/node_modules/.pnpm/storybook@10.4.6_@testing-l_c1ba74188cd3a07f4b5871c86f50987c/node_modules/storybook/dist/_node-chunks/chunk-BCIMUOON.js:16960:16)
    at Parser.finishImportSpecifier (file:///C:/Users/LunaVioletaGonzalez/Projects/alejandria-ui-kit/alejandria-ui-kit/node_modules/.pnpm/storybook@10.4.6_@testing-l_c1ba74188cd3a07f4b5871c86f50987c/node_modules/storybook/dist/_node-chunks/chunk-BCIMUOON.js:20962:21)
    at Parser.parseImportSpecifier (file:///C:/Users/LunaVioletaGonzalez/Projects/alejandria-ui-kit/alejandria-ui-kit/node_modules/.pnpm/storybook@10.4.6_@testing-l_c1ba74188cd3a07f4b5871c86f50987c/node_modules/storybook/dist/_node-chunks/chunk-BCIMUOON.js:21047:21)
    at Parser.parseImportSpecifier (file:///C:/Users/LunaVioletaGonzalez/Projects/alejandria-ui-kit/alejandria-ui-kit/node_modules/.pnpm/storybook@10.4.6_@testing-l_c1ba74188cd3a07f4b5871c86f50987c/node_modules/storybook/dist/_node-chunks/chunk-BCIMUOON.js:18577:220)
    at Parser.parseNamedImportSpecifiers (file:///C:/Users/LunaVioletaGonzalez/Projects/alejandria-ui-kit/alejandria-ui-kit/node_modules/.pnpm/storybook@10.4.6_@testing-l_c1ba74188cd3a07f4b5871c86f50987c/node_modules/storybook/dist/_node-chunks/chunk-BCIMUOON.js:21030:38)
[13:56:27.341] [ERROR] Failed to build the preview
[13:56:27.345] [ERROR] Error: Unable to index ./src/Icons.stories.tsx
    at _StoryIndexGenerator.getIndexAndStats (file:///C:/Users/LunaVioletaGonzalez/Projects/alejandria-ui-kit/alejandria-ui-kit/node_modules/.pnpm/storybook@10.4.6_@testing-l_c1ba74188cd3a07f4b5871c86f50987c/node_modules/storybook/dist/core-server/index.js:19468:15)
    at async _StoryIndexGenerator.getIndex (file:///C:/Users/LunaVioletaGonzalez/Projects/alejandria-ui-kit/alejandria-ui-kit/node_modules/.pnpm/storybook@10.4.6_@testing-l_c1ba74188cd3a07f4b5871c86f50987c/node_modules/storybook/dist/core-server/index.js:19457:13)
    at async BasicMinimalPluginContext.config (file:///C:/Users/LunaVioletaGonzalez/Projects/alejandria-ui-kit/alejandria-ui-kit/node_modules/.pnpm/@storybook+builder-vite@10._074855e7fc3e319f11a686fe6dff7ba7/node_modules/@storybook/builder-vite/dist/_node-chunks/chunk-KJIVQEGR.js:188:19)
    at async runConfigHook (file:///C:/Users/LunaVioletaGonzalez/Projects/alejandria-ui-kit/alejandria-ui-kit/node_modules/.pnpm/vite@8.0.16_@types+node@25.9.3_esbuild@0.28.1/node_modules/vite/dist/node/chunks/node.js:35033:15)
    at async resolveConfig (file:///C:/Users/LunaVioletaGonzalez/Projects/alejandria-ui-kit/alejandria-ui-kit/node_modules/.pnpm/vite@8.0.16_@types+node@25.9.3_esbuild@0.28.1/node_modules/vite/dist/node/chunks/node.js:34490:11)
    at async _createServer (file:///C:/Users/LunaVioletaGonzalez/Projects/alejandria-ui-kit/alejandria-ui-kit/node_modules/.pnpm/vite@8.0.16_@types+node@25.9.3_esbuild@0.28.1/node_modules/vite/dist/node/chunks/node.js:26197:65)
    at async Module.start (file:///C:/Users/LunaVioletaGonzalez/Projects/alejandria-ui-kit/alejandria-ui-kit/node_modules/.pnpm/@storybook+builder-vite@10._074855e7fc3e319f11a686fe6dff7ba7/node_modules/@storybook/builder-vite/dist/index.js:1606:17)
    at async storybookDevServer (file:///C:/Users/LunaVioletaGonzalez/Projects/alejandria-ui-kit/alejandria-ui-kit/node_modules/.pnpm/storybook@10.4.6_@testing-l_c1ba74188cd3a07f4b5871c86f50987c/node_modules/storybook/dist/core-server/index.js:11496:158)
    at async buildOrThrow (file:///C:/Users/LunaVioletaGonzalez/Projects/alejandria-ui-kit/alejandria-ui-kit/node_modules/.pnpm/storybook@10.4.6_@testing-l_c1ba74188cd3a07f4b5871c86f50987c/node_modules/storybook/dist/core-server/index.js:8205:12)
    at async buildDevStandalone (file:///C:/Users/LunaVioletaGonzalez/Projects/alejandria-ui-kit/alejandria-ui-kit/node_modules/.pnpm/storybook@10.4.6_@testing-l_c1ba74188cd3a07f4b5871c86f50987c/node_modules/storybook/dist/core-server/index.js:12057:41)
[13:56:27.346] [WARN] Broken build, fix the error above.
You may need to refresh the browser.